Notice	76f23b4	1212
README	f2f3bc99	7450
cds.c	e46ba5f6	4168
data.c	edd269b4	10520
defines.h	fd9fa7c5	8720
defs.h	fd737faa	34220
equiv.c	1afb37ff	9344
error.c	3ceee3e	4979
exec.c	16408966	21184
expr.c	188581a5	68049
f2c.1	e0db9be5	6910
f2c.1t	f362126	6978
f2c.h	e770b7d8	4688
format.c	5fb1ad8	59388
format.h	b396862	458
formatdata.c	ef27847c	29024
ftypes.h	18b86a27	1377
gram.c	3c85e2e	58939
gram.dcl	e38579ff	8463
gram.exec	1384a3db	3005
gram.expr	e3da3320	3137
gram.head	1591952b	7309
gram.io	1b7c281c	3294
init.c	eb4bc666	13520
intr.c	582e838	22965
io.c	e3cccd7b	30649
iob.h	ece45655	548
lex.c	1d5a048e	34368
machdefs.h	4950e5b	659
main.c	5a38b41	20590
malloc.c	1cb00990	3964
mem.c	1cbf32d0	5396
memset.c	f56469fb	1992
misc.c	f4556f60	21868
names.c	1a4426ed	22283
names.h	110806d6	569
niceprintf.c	ebdb9cfc	10920
niceprintf.h	c31f08c	412
output.c	f5ef6d91	42897
output.h	1db0f630	2108
p1defs.h	1b02743	5741
p1output.c	1a2655ba	14246
parse.h	18d34e6b	1119
parse_args.c	176faaca	14118
pccdefs.h	1b4fbbee	1195
pread.c	6408ee8	17816
proc.c	147cbb57	38926
put.c	1a037ae5	10027
putpcc.c	eb8eb20e	44346
sysdep.c	1e60bf4d	12504
sysdep.h	15f2fca6	2718
tokens	188b7c5d	733
usignal.h	1c4ce909	124
vax.c	91496e2	12149
version.c	ef612c8c	107
xsum.c	eba2b299	6599
